<?xml version="1.0" encoding="UTF-8"?>
<testng-results ignored="1" total="2" passed="1" failed="0" skipped="0">
  <reporter-output>
  </reporter-output>
  <suite started-at="2026-07-27T17:13:34 IST" name="Default suite" finished-at="2026-07-27T17:13:55 IST" duration-ms="20881">
    <groups>
    </groups>
    <test started-at="2026-07-27T17:13:34 IST" name="Default test" finished-at="2026-07-27T17:13:55 IST" duration-ms="20881">
      <class name="tests.HomeTest">
        <test-method is-config="true" signature="setup()[pri:0, instance:tests.HomeTest@692f203f]" started-at="2026-07-27T17:13:34 IST" name="setup" finished-at="2026-07-27T17:13:39 IST" duration-ms="5283" status="PASS">
          <reporter-output>
          </reporter-output>
        </test-method> <!-- setup -->
        <test-method signature="checkoutTest()[pri:0, instance:tests.HomeTest@692f203f]" started-at="2026-07-27T17:13:39 IST" name="checkoutTest" finished-at="2026-07-27T17:13:52 IST" duration-ms="12263" status="PASS">
          <reporter-output>
          </reporter-output>
        </test-method> <!-- checkoutTest -->
        <test-method is-config="true" signature="tearDown()[pri:0, instance:tests.HomeTest@692f203f]" started-at="2026-07-27T17:13:52 IST" name="tearDown" finished-at="2026-07-27T17:13:55 IST" duration-ms="3300" status="PASS">
          <reporter-output>
          </reporter-output>
        </test-method> <!-- tearDown -->
      </class> <!-- tests.HomeTest -->
    </test> <!-- Default test -->
  </suite> <!-- Default suite -->
</testng-results>
